This is pdfTeX, Version 3.14159265-2.6-1.40.21 (MiKTeX 20.6.29) (preloaded format=pdflatex 2020.3.9)  29 JUL 2020 11:29
entering extended mode
**./GeneralAnsatz.tex
(GeneralAnsatz.tex
LaTeX2e <2019-10-01> patch level 1
(/home/muslem-rahimi/.miktex/texmfs/install/tex/latex/base/article.cls
Document Class: article 2019/08/27 v1.4j Standard LaTeX document class
(/home/muslem-rahimi/.miktex/texmfs/install/tex/latex/base/size12.clo
File: size12.clo 2019/08/27 v1.4j Standard LaTeX file (size option)
)
\c@part=\count80
\c@section=\count81
\c@subsection=\count82
\c@subsubsection=\count83
\c@paragraph=\count84
\c@subparagraph=\count85
\c@figure=\count86
\c@table=\count87
\abovecaptionskip=\skip41
\belowcaptionskip=\skip42
\bibindent=\dimen102
)
(/home/muslem-rahimi/.miktex/texmfs/install/tex/latex/a4wide/a4wide.sty
Package: a4wide 1994/08/30

(/home/muslem-rahimi/.miktex/texmfs/install/tex/latex/ntgclass/a4.sty
Package: a4 2020/02/18 v1.2g A4 based page layout
))
(/home/muslem-rahimi/.miktex/texmfs/install/tex/latex/base/inputenc.sty
Package: inputenc 2018/08/11 v1.3c Input encoding file
\inpenc@prehook=\toks14
\inpenc@posthook=\toks15
)
(/home/muslem-rahimi/.miktex/texmfs/install/tex/latex/blindtext/blindtext.sty
Package: blindtext 2012/01/06 V2.0 blindtext-Package

(/home/muslem-rahimi/.miktex/texmfs/install/tex/latex/tools/xspace.sty
Package: xspace 2014/10/28 v1.13 Space after command names (DPC,MH)
)
\c@blindtext=\count88
\c@Blindtext=\count89
\c@blind@countparstart=\count90
\blind@countxx=\count91
\blindtext@numBlindtext=\count92
\blind@countyy=\count93
\c@blindlist=\count94
\c@blindlistlevel=\count95
\c@blindlist@level=\count96
\blind@listitem=\count97
\c@blind@listcount=\count98
\c@blind@levelcount=\count99
\blind@mathformula=\count100
\blind@Mathformula=\count101
\c@blind@randomcount=\count102
\c@blind@randommax=\count103
\c@blind@pangramcount=\count104
\c@blind@pangrammax=\count105
)
(/home/muslem-rahimi/.miktex/texmfs/install/tex/latex/amsmath/amsmath.sty
Package: amsmath 2019/04/01 v2.17c AMS math features
\@mathmargin=\skip43

For additional information on amsmath, use the `?' option.
(/home/muslem-rahimi/.miktex/texmfs/install/tex/latex/amsmath/amstext.sty
Package: amstext 2000/06/29 v2.01 AMS text

(/home/muslem-rahimi/.miktex/texmfs/install/tex/latex/amsmath/amsgen.sty
File: amsgen.sty 1999/11/30 v2.0 generic functions
\@emptytoks=\toks16
\ex@=\dimen103
))
(/home/muslem-rahimi/.miktex/texmfs/install/tex/latex/amsmath/amsbsy.sty
Package: amsbsy 1999/11/29 v1.2d Bold Symbols
\pmbraise@=\dimen104
)
(/home/muslem-rahimi/.miktex/texmfs/install/tex/latex/amsmath/amsopn.sty
Package: amsopn 2016/03/08 v2.02 operator names
)
\inf@bad=\count106
LaTeX Info: Redefining \frac on input line 227.
\uproot@=\count107
\leftroot@=\count108
LaTeX Info: Redefining \overline on input line 389.
\classnum@=\count109
\DOTSCASE@=\count110
LaTeX Info: Redefining \ldots on input line 486.
LaTeX Info: Redefining \dots on input line 489.
LaTeX Info: Redefining \cdots on input line 610.
\Mathstrutbox@=\box27
\strutbox@=\box28
\big@size=\dimen105
LaTeX Font Info:    Redeclaring font encoding OML on input line 733.
LaTeX Font Info:    Redeclaring font encoding OMS on input line 734.
\macc@depth=\count111
\c@MaxMatrixCols=\count112
\dotsspace@=\muskip10
\c@parentequation=\count113
\dspbrk@lvl=\count114
\tag@help=\toks17
\row@=\count115
\column@=\count116
\maxfields@=\count117
\andhelp@=\toks18
\eqnshift@=\dimen106
\alignsep@=\dimen107
\tagshift@=\dimen108
\tagwidth@=\dimen109
\totwidth@=\dimen110
\lineht@=\dimen111
\@envbody=\toks19
\multlinegap=\skip44
\multlinetaggap=\skip45
\mathdisplay@stack=\toks20
LaTeX Info: Redefining \[ on input line 2855.
LaTeX Info: Redefining \] on input line 2856.
)
(/home/muslem-rahimi/.miktex/texmfs/install/tex/latex/amsfonts/amsfonts.sty
Package: amsfonts 2013/01/14 v3.01 Basic AMSFonts support
\symAMSa=\mathgroup4
\symAMSb=\mathgroup5
LaTeX Font Info:    Redeclaring math symbol \hbar on input line 98.
LaTeX Font Info:    Overwriting math alphabet `\mathfrak' in version `bold'
(Font)                  U/euf/m/n --> U/euf/b/n on input line 106.
)
(/home/muslem-rahimi/.miktex/texmfs/install/tex/latex/amsfonts/amssymb.sty
Package: amssymb 2013/01/14 v3.01 AMS font symbols
)
(/home/muslem-rahimi/.miktex/texmfs/install/tex/latex/base/makeidx.sty
Package: makeidx 2014/09/29 v1.0m Standard LaTeX package
)
(/home/muslem-rahimi/.miktex/texmfs/install/tex/latex/graphics/graphicx.sty
Package: graphicx 2017/06/01 v1.1a Enhanced LaTeX Graphics (DPC,SPQR)

(/home/muslem-rahimi/.miktex/texmfs/install/tex/latex/graphics/keyval.sty
Package: keyval 2014/10/28 v1.15 key=value parser (DPC)
\KV@toks@=\toks21
)
(/home/muslem-rahimi/.miktex/texmfs/install/tex/latex/graphics/graphics.sty
Package: graphics 2019/10/08 v1.3c Standard LaTeX Graphics (DPC,SPQR)

(/home/muslem-rahimi/.miktex/texmfs/install/tex/latex/graphics/trig.sty
Package: trig 2016/01/03 v1.10 sin cos tan (DPC)
)
(/home/muslem-rahimi/.miktex/texmfs/install/tex/latex/graphics-cfg/graphics.cfg
File: graphics.cfg 2016/06/04 v1.11 sample graphics configuration
)
Package graphics Info: Driver file: pdftex.def on input line 105.
 (/home/muslem-rahimi/.miktex/texmfs/install/tex/latex/graphics-def/pdftex.def
File: pdftex.def 2018/01/08 v1.0l Graphics/color driver for pdftex
))
\Gin@req@height=\dimen112
\Gin@req@width=\dimen113
) (/home/muslem-rahimi/.miktex/texmfs/install/tex/latex/float/float.sty
Package: float 2001/11/08 v1.3d Float enhancements (AL)
\c@float@type=\count118
\float@exts=\toks22
\float@box=\box29
\@float@everytoks=\toks23
\@floatcapt=\box30
)
(/home/muslem-rahimi/.miktex/texmfs/install/tex/latex/titlesec/titlesec.sty
Package: titlesec 2019/10/16 v2.13 Sectioning titles
\ttl@box=\box31
\beforetitleunit=\skip46
\aftertitleunit=\skip47
\ttl@plus=\dimen114
\ttl@minus=\dimen115
\ttl@toksa=\toks24
\titlewidth=\dimen116
\titlewidthlast=\dimen117
\titlewidthfirst=\dimen118
)
(/home/muslem-rahimi/.miktex/texmfs/install/tex/latex/listings/listings.sty
\lst@mode=\count119
\lst@gtempboxa=\box32
\lst@token=\toks25
\lst@length=\count120
\lst@currlwidth=\dimen119
\lst@column=\count121
\lst@pos=\count122
\lst@lostspace=\dimen120
\lst@width=\dimen121
\lst@newlines=\count123
\lst@lineno=\count124
\lst@maxwidth=\dimen122

(/home/muslem-rahimi/.miktex/texmfs/install/tex/latex/listings/lstmisc.sty
File: lstmisc.sty 2019/09/10 1.8c (Carsten Heinz)
\c@lstnumber=\count125
\lst@skipnumbers=\count126
\lst@framebox=\box33
)
(/home/muslem-rahimi/.miktex/texmfs/install/tex/latex/listings/listings.cfg
File: listings.cfg 2019/09/10 1.8c listings configuration
))
Package: listings 2019/09/10 1.8c (Carsten Heinz)

(/home/muslem-rahimi/.miktex/texmfs/install/tex/latex/hyperref/hyperref.sty
Package: hyperref 2019/09/28 v7.00a Hypertext links for LaTeX

(/home/muslem-rahimi/.miktex/texmfs/install/tex/latex/hobsub/hobsub-hyperref.st
y
Package: hobsub-hyperref 2019-11-14
hobsub not currently supported, see hobsub.dtx to extract original code
 (/home/muslem-rahimi/.miktex/texmfs/install/tex/generic/oberdiek/ltxcmds.sty
Package: ltxcmds 2016/05/16 v1.23 LaTeX kernel commands for general use (HO)
) (/home/muslem-rahimi/.miktex/texmfs/install/tex/generic/iftex/ifvtex.sty
Package: ifvtex 2019/10/25 v1.7 ifvtex legacy package. Use iftex instead.

(/home/muslem-rahimi/.miktex/texmfs/install/tex/generic/iftex/iftex.sty
Package: iftex 2019/11/07 v1.0c TeX engine tests
))
(/home/muslem-rahimi/.miktex/texmfs/install/tex/latex/pdftexcmds/pdftexcmds.sty
Package: pdftexcmds 2019/11/24 v0.31 Utility functions of pdfTeX for LuaTeX (HO
)
(/home/muslem-rahimi/.miktex/texmfs/install/tex/generic/oberdiek/infwarerr.sty
Package: infwarerr 2016/05/16 v1.4 Providing info/warning/error messages (HO)
)
Package pdftexcmds Info: \pdf@primitive is available.
Package pdftexcmds Info: \pdf@ifprimitive is available.
Package pdftexcmds Info: \pdfdraftmode found.
)
(/home/muslem-rahimi/.miktex/texmfs/install/tex/generic/oberdiek/kvsetkeys.sty
Package: kvsetkeys 2016/05/16 v1.17 Key value parser (HO)

(/home/muslem-rahimi/.miktex/texmfs/install/tex/generic/oberdiek/etexcmds.sty
Package: etexcmds 2016/05/16 v1.6 Avoid name clashes with e-TeX commands (HO)

(/home/muslem-rahimi/.miktex/texmfs/install/tex/generic/iftex/ifluatex.sty
Package: ifluatex 2019/10/25 v1.5 ifluatex legacy package. Use iftex instead.
)))
(/home/muslem-rahimi/.miktex/texmfs/install/tex/generic/oberdiek/kvdefinekeys.s
ty
Package: kvdefinekeys 2016/05/16 v1.4 Define keys (HO)
)
(/home/muslem-rahimi/.miktex/texmfs/install/tex/generic/oberdiek/pdfescape.sty
Package: pdfescape 2016/05/16 v1.14 Implements pdfTeX's escape features (HO)
) (/home/muslem-rahimi/.miktex/texmfs/install/tex/latex/oberdiek/hycolor.sty
Package: hycolor 2016/05/16 v1.8 Color options for hyperref/bookmark (HO)

(/home/muslem-rahimi/.miktex/texmfs/install/tex/latex/oberdiek/xcolor-patch.sty
Package: xcolor-patch 2016/05/16 xcolor patch
(/home/muslem-rahimi/.miktex/texmfs/install/tex/latex/oberdiek/hopatch.sty
Package: hopatch 2016/05/16 v1.3 Wrapper for package hooks (HO)
)))
(/home/muslem-rahimi/.miktex/texmfs/install/tex/latex/oberdiek/letltxmacro.sty
Package: letltxmacro 2016/05/16 v1.5 Let assignment for LaTeX macros (HO)
)) (/home/muslem-rahimi/.miktex/texmfs/install/tex/latex/oberdiek/auxhook.sty
Package: auxhook 2016/05/16 v1.4 Hooks for auxiliary files (HO)
)
(/home/muslem-rahimi/.miktex/texmfs/install/tex/generic/iftex/ifpdf.sty
Package: ifpdf 2019/10/25 v3.4 ifpdf legacy package. Use iftex instead.
)
(/home/muslem-rahimi/.miktex/texmfs/install/tex/generic/iftex/ifxetex.sty
Package: ifxetex 2019/10/25 v0.7 ifxetex legacy package. Use iftex instead.
)
(/home/muslem-rahimi/.miktex/texmfs/install/tex/latex/oberdiek/kvoptions.sty
Package: kvoptions 2016/05/16 v3.12 Key value format for package options (HO)
)
\@linkdim=\dimen123
\Hy@linkcounter=\count127
\Hy@pagecounter=\count128

(/home/muslem-rahimi/.miktex/texmfs/install/tex/latex/hyperref/pd1enc.def
File: pd1enc.def 2019/09/28 v7.00a Hyperref: PDFDocEncoding definition (HO)
Now handling font encoding PD1 ...
... no UTF-8 mapping file for font encoding PD1
)
(/home/muslem-rahimi/.miktex/texmfs/install/tex/generic/oberdiek/intcalc.sty
Package: intcalc 2016/05/16 v1.2 Expandable calculations with integers (HO)
)
\Hy@SavedSpaceFactor=\count129

(/home/muslem-rahimi/.miktex/texmfs/install/tex/latex/00miktex/hyperref.cfg
File: hyperref.cfg 2002/06/06 v1.2 hyperref configuration of TeXLive
)
Package hyperref Info: Option `final' set `true' on input line 4414.
Package hyperref Info: Hyper figures OFF on input line 4540.
Package hyperref Info: Link nesting OFF on input line 4545.
Package hyperref Info: Hyper index ON on input line 4548.
Package hyperref Info: Plain pages OFF on input line 4555.
Package hyperref Info: Backreferencing OFF on input line 4560.
Package hyperref Info: Implicit mode ON; LaTeX internals redefined.
Package hyperref Info: Bookmarks ON on input line 4793.
\c@Hy@tempcnt=\count130

(/home/muslem-rahimi/.miktex/texmfs/install/tex/latex/url/url.sty
\Urlmuskip=\muskip11
Package: url 2013/09/16  ver 3.4  Verb mode for urls, etc.
)
LaTeX Info: Redefining \url on input line 5152.
\XeTeXLinkMargin=\dimen124

(/home/muslem-rahimi/.miktex/texmfs/install/tex/generic/oberdiek/bitset.sty
Package: bitset 2016/05/16 v1.2 Handle bit-vector datatype (HO)

(/home/muslem-rahimi/.miktex/texmfs/install/tex/generic/oberdiek/bigintcalc.sty
Package: bigintcalc 2016/05/16 v1.4 Expandable calculations on big integers (HO
)
))
\Fld@menulength=\count131
\Field@Width=\dimen125
\Fld@charsize=\dimen126
Package hyperref Info: Hyper figures OFF on input line 6423.
Package hyperref Info: Link nesting OFF on input line 6428.
Package hyperref Info: Hyper index ON on input line 6431.
Package hyperref Info: backreferencing OFF on input line 6438.
Package hyperref Info: Link coloring OFF on input line 6443.
Package hyperref Info: Link coloring with OCG OFF on input line 6448.
Package hyperref Info: PDF/A mode OFF on input line 6453.
LaTeX Info: Redefining \ref on input line 6493.
LaTeX Info: Redefining \pageref on input line 6497.

(/home/muslem-rahimi/.miktex/texmfs/install/tex/generic/oberdiek/atbegshi.sty
Package: atbegshi 2016/06/09 v1.18 At begin shipout hook (HO)
)
\Hy@abspage=\count132
\c@Item=\count133
\c@Hfootnote=\count134
)
Package hyperref Info: Driver (autodetected): hpdftex.
(/home/muslem-rahimi/.miktex/texmfs/install/tex/latex/hyperref/hpdftex.def
File: hpdftex.def 2019/09/28 v7.00a Hyperref driver for pdfTeX

(/home/muslem-rahimi/.miktex/texmfs/install/tex/latex/oberdiek/atveryend.sty
Package: atveryend 2016/05/16 v1.9 Hooks at the very end of document (HO)
Package atveryend Info: \enddocument detected (standard20110627).
)
\Fld@listcount=\count135
\c@bookmark@seq@number=\count136

(/home/muslem-rahimi/.miktex/texmfs/install/tex/latex/oberdiek/rerunfilecheck.s
ty
Package: rerunfilecheck 2016/05/16 v1.8 Rerun checks for auxiliary files (HO)

(/home/muslem-rahimi/.miktex/texmfs/install/tex/generic/oberdiek/uniquecounter.
sty
Package: uniquecounter 2016/05/16 v1.3 Provide unlimited unique counter (HO)
)
Package uniquecounter Info: New unique counter `rerunfilecheck' on input line 2
82.
)
\Hy@SectionHShift=\skip48
) (/home/muslem-rahimi/.miktex/texmfs/install/tex/generic/babel/babel.sty
Package: babel 2019/10/15 3.35 The Babel package

(/home/muslem-rahimi/.miktex/texmfs/install/tex/generic/babel/switch.def
File: switch.def 2019/10/15 3.35 Babel switching mechanism
)
*************************************
* Local config file bblopts.cfg used
*
(/home/muslem-rahimi/.miktex/texmfs/install/tex/latex/arabi/bblopts.cfg
File: bblopts.cfg 2005/09/08 v0.1 add Arabic and Farsi to "declared" options of
 babel
)
(/home/muslem-rahimi/.miktex/texmfs/install/tex/latex/babel-english/english.ldf
Language: english 2017/06/06 v3.3r English support from the babel system
(/home/muslem-rahimi/.miktex/texmfs/install/tex/generic/babel/babel.def
File: babel.def 2019/10/15 3.35 Babel common definitions
\babel@savecnt=\count137
\U@D=\dimen127

(/home/muslem-rahimi/.miktex/texmfs/install/tex/generic/babel/txtbabel.def)
\bbl@dirlevel=\count138
)
\l@british = a dialect from \language\l@english 
\l@UKenglish = a dialect from \language\l@english 
\l@american = a dialect from \language\l@english 
\l@canadian = a dialect from \language\l@american 
\l@australian = a dialect from \language\l@british 
\l@newzealand = a dialect from \language\l@british 
))
(/home/muslem-rahimi/.miktex/texmfs/install/tex/latex/xcolor/xcolor.sty
Package: xcolor 2016/05/11 v2.12 LaTeX color extensions (UK)

(/home/muslem-rahimi/.miktex/texmfs/install/tex/latex/graphics-cfg/color.cfg
File: color.cfg 2016/01/02 v1.6 sample color configuration
)
Package xcolor Info: Driver file: pdftex.def on input line 225.
Package xcolor Info: Model `cmy' substituted by `cmy0' on input line 1348.
Package xcolor Info: Model `hsb' substituted by `rgb' on input line 1352.
Package xcolor Info: Model `RGB' extended on input line 1364.
Package xcolor Info: Model `HTML' substituted by `rgb' on input line 1366.
Package xcolor Info: Model `Hsb' substituted by `hsb' on input line 1367.
Package xcolor Info: Model `tHsb' substituted by `hsb' on input line 1368.
Package xcolor Info: Model `HSB' substituted by `hsb' on input line 1369.
Package xcolor Info: Model `Gray' substituted by `gray' on input line 1370.
Package xcolor Info: Model `wave' substituted by `hsb' on input line 1371.
)
(/home/muslem-rahimi/.miktex/texmfs/install/tex/latex/pgf/frontendlayer/tikz.st
y (/home/muslem-rahimi/.miktex/texmfs/install/tex/latex/pgf/basiclayer/pgf.sty
(/home/muslem-rahimi/.miktex/texmfs/install/tex/latex/pgf/utilities/pgfrcs.sty
(/home/muslem-rahimi/.miktex/texmfs/install/tex/generic/pgf/utilities/pgfutil-c
ommon.tex
\pgfutil@everybye=\toks26
\pgfutil@tempdima=\dimen128
\pgfutil@tempdimb=\dimen129

(/home/muslem-rahimi/.miktex/texmfs/install/tex/generic/pgf/utilities/pgfutil-c
ommon-lists.tex))
(/home/muslem-rahimi/.miktex/texmfs/install/tex/generic/pgf/utilities/pgfutil-l
atex.def
\pgfutil@abb=\box34
 (/home/muslem-rahimi/.miktex/texmfs/install/tex/latex/ms/everyshi.sty
Package: everyshi 2001/05/15 v3.00 EveryShipout Package (MS)
))
(/home/muslem-rahimi/.miktex/texmfs/install/tex/generic/pgf/utilities/pgfrcs.co
de.tex
(/home/muslem-rahimi/.miktex/texmfs/install/tex/generic/pgf/pgf.revision.tex)
Package: pgfrcs 2019/08/03 v3.1.4b (3.1.4b)
))
Package: pgf 2019/08/03 v3.1.4b (3.1.4b)

(/home/muslem-rahimi/.miktex/texmfs/install/tex/latex/pgf/basiclayer/pgfcore.st
y
(/home/muslem-rahimi/.miktex/texmfs/install/tex/latex/pgf/systemlayer/pgfsys.st
y
(/home/muslem-rahimi/.miktex/texmfs/install/tex/generic/pgf/systemlayer/pgfsys.
code.tex
Package: pgfsys 2019/08/03 v3.1.4b (3.1.4b)

(/home/muslem-rahimi/.miktex/texmfs/install/tex/generic/pgf/utilities/pgfkeys.c
ode.tex
\pgfkeys@pathtoks=\toks27
\pgfkeys@temptoks=\toks28

(/home/muslem-rahimi/.miktex/texmfs/install/tex/generic/pgf/utilities/pgfkeysfi
ltered.code.tex
\pgfkeys@tmptoks=\toks29
))
\pgf@x=\dimen130
\pgf@y=\dimen131
\pgf@xa=\dimen132
\pgf@ya=\dimen133
\pgf@xb=\dimen134
\pgf@yb=\dimen135
\pgf@xc=\dimen136
\pgf@yc=\dimen137
\pgf@xd=\dimen138
\pgf@yd=\dimen139
\w@pgf@writea=\write3
\r@pgf@reada=\read1
\c@pgf@counta=\count139
\c@pgf@countb=\count140
\c@pgf@countc=\count141
\c@pgf@countd=\count142
\t@pgf@toka=\toks30
\t@pgf@tokb=\toks31
\t@pgf@tokc=\toks32
\pgf@sys@id@count=\count143

(/home/muslem-rahimi/.miktex/texmfs/install/tex/generic/pgf/systemlayer/pgf.cfg
File: pgf.cfg 2019/08/03 v3.1.4b (3.1.4b)
)
Driver file for pgf: pgfsys-pdftex.def

(/home/muslem-rahimi/.miktex/texmfs/install/tex/generic/pgf/systemlayer/pgfsys-
pdftex.def
File: pgfsys-pdftex.def 2019/08/03 v3.1.4b (3.1.4b)

(/home/muslem-rahimi/.miktex/texmfs/install/tex/generic/pgf/systemlayer/pgfsys-
common-pdf.def
File: pgfsys-common-pdf.def 2019/08/03 v3.1.4b (3.1.4b)
)))
(/home/muslem-rahimi/.miktex/texmfs/install/tex/generic/pgf/systemlayer/pgfsyss
oftpath.code.tex
File: pgfsyssoftpath.code.tex 2019/08/03 v3.1.4b (3.1.4b)
\pgfsyssoftpath@smallbuffer@items=\count144
\pgfsyssoftpath@bigbuffer@items=\count145
)
(/home/muslem-rahimi/.miktex/texmfs/install/tex/generic/pgf/systemlayer/pgfsysp
rotocol.code.tex
File: pgfsysprotocol.code.tex 2019/08/03 v3.1.4b (3.1.4b)
))
(/home/muslem-rahimi/.miktex/texmfs/install/tex/generic/pgf/basiclayer/pgfcore.
code.tex
Package: pgfcore 2019/08/03 v3.1.4b (3.1.4b)

(/home/muslem-rahimi/.miktex/texmfs/install/tex/generic/pgf/math/pgfmath.code.t
ex
(/home/muslem-rahimi/.miktex/texmfs/install/tex/generic/pgf/math/pgfmathcalc.co
de.tex
(/home/muslem-rahimi/.miktex/texmfs/install/tex/generic/pgf/math/pgfmathutil.co
de.tex)
(/home/muslem-rahimi/.miktex/texmfs/install/tex/generic/pgf/math/pgfmathparser.
code.tex
\pgfmath@dimen=\dimen140
\pgfmath@count=\count146
\pgfmath@box=\box35
\pgfmath@toks=\toks33
\pgfmath@stack@operand=\toks34
\pgfmath@stack@operation=\toks35
)
(/home/muslem-rahimi/.miktex/texmfs/install/tex/generic/pgf/math/pgfmathfunctio
ns.code.tex
(/home/muslem-rahimi/.miktex/texmfs/install/tex/generic/pgf/math/pgfmathfunctio
ns.basic.code.tex)
(/home/muslem-rahimi/.miktex/texmfs/install/tex/generic/pgf/math/pgfmathfunctio
ns.trigonometric.code.tex)
(/home/muslem-rahimi/.miktex/texmfs/install/tex/generic/pgf/math/pgfmathfunctio
ns.random.code.tex)
(/home/muslem-rahimi/.miktex/texmfs/install/tex/generic/pgf/math/pgfmathfunctio
ns.comparison.code.tex)
(/home/muslem-rahimi/.miktex/texmfs/install/tex/generic/pgf/math/pgfmathfunctio
ns.base.code.tex)
(/home/muslem-rahimi/.miktex/texmfs/install/tex/generic/pgf/math/pgfmathfunctio
ns.round.code.tex)
(/home/muslem-rahimi/.miktex/texmfs/install/tex/generic/pgf/math/pgfmathfunctio
ns.misc.code.tex)
(/home/muslem-rahimi/.miktex/texmfs/install/tex/generic/pgf/math/pgfmathfunctio
ns.integerarithmetics.code.tex)))
(/home/muslem-rahimi/.miktex/texmfs/install/tex/generic/pgf/math/pgfmathfloat.c
ode.tex
\c@pgfmathroundto@lastzeros=\count147
))
(/home/muslem-rahimi/.miktex/texmfs/install/tex/generic/pgf/math/pgfint.code.te
x)
(/home/muslem-rahimi/.miktex/texmfs/install/tex/generic/pgf/basiclayer/pgfcorep
oints.code.tex
File: pgfcorepoints.code.tex 2019/08/03 v3.1.4b (3.1.4b)
\pgf@picminx=\dimen141
\pgf@picmaxx=\dimen142
\pgf@picminy=\dimen143
\pgf@picmaxy=\dimen144
\pgf@pathminx=\dimen145
\pgf@pathmaxx=\dimen146
\pgf@pathminy=\dimen147
\pgf@pathmaxy=\dimen148
\pgf@xx=\dimen149
\pgf@xy=\dimen150
\pgf@yx=\dimen151
\pgf@yy=\dimen152
\pgf@zx=\dimen153
\pgf@zy=\dimen154
)
(/home/muslem-rahimi/.miktex/texmfs/install/tex/generic/pgf/basiclayer/pgfcorep
athconstruct.code.tex
File: pgfcorepathconstruct.code.tex 2019/08/03 v3.1.4b (3.1.4b)
\pgf@path@lastx=\dimen155
\pgf@path@lasty=\dimen156
)
(/home/muslem-rahimi/.miktex/texmfs/install/tex/generic/pgf/basiclayer/pgfcorep
athusage.code.tex
File: pgfcorepathusage.code.tex 2019/08/03 v3.1.4b (3.1.4b)
\pgf@shorten@end@additional=\dimen157
\pgf@shorten@start@additional=\dimen158
)
(/home/muslem-rahimi/.miktex/texmfs/install/tex/generic/pgf/basiclayer/pgfcores
copes.code.tex
File: pgfcorescopes.code.tex 2019/08/03 v3.1.4b (3.1.4b)
\pgfpic=\box36
\pgf@hbox=\box37
\pgf@layerbox@main=\box38
\pgf@picture@serial@count=\count148
)
(/home/muslem-rahimi/.miktex/texmfs/install/tex/generic/pgf/basiclayer/pgfcoreg
raphicstate.code.tex
File: pgfcoregraphicstate.code.tex 2019/08/03 v3.1.4b (3.1.4b)
\pgflinewidth=\dimen159
)
(/home/muslem-rahimi/.miktex/texmfs/install/tex/generic/pgf/basiclayer/pgfcoret
ransformations.code.tex
File: pgfcoretransformations.code.tex 2019/08/03 v3.1.4b (3.1.4b)
\pgf@pt@x=\dimen160
\pgf@pt@y=\dimen161
\pgf@pt@temp=\dimen162
)
(/home/muslem-rahimi/.miktex/texmfs/install/tex/generic/pgf/basiclayer/pgfcoreq
uick.code.tex
File: pgfcorequick.code.tex 2019/08/03 v3.1.4b (3.1.4b)
)
(/home/muslem-rahimi/.miktex/texmfs/install/tex/generic/pgf/basiclayer/pgfcoreo
bjects.code.tex
File: pgfcoreobjects.code.tex 2019/08/03 v3.1.4b (3.1.4b)
)
(/home/muslem-rahimi/.miktex/texmfs/install/tex/generic/pgf/basiclayer/pgfcorep
athprocessing.code.tex
File: pgfcorepathprocessing.code.tex 2019/08/03 v3.1.4b (3.1.4b)
)
(/home/muslem-rahimi/.miktex/texmfs/install/tex/generic/pgf/basiclayer/pgfcorea
rrows.code.tex
File: pgfcorearrows.code.tex 2019/08/03 v3.1.4b (3.1.4b)
\pgfarrowsep=\dimen163
)
(/home/muslem-rahimi/.miktex/texmfs/install/tex/generic/pgf/basiclayer/pgfcores
hade.code.tex
File: pgfcoreshade.code.tex 2019/08/03 v3.1.4b (3.1.4b)
\pgf@max=\dimen164
\pgf@sys@shading@range@num=\count149
\pgf@shadingcount=\count150
)
(/home/muslem-rahimi/.miktex/texmfs/install/tex/generic/pgf/basiclayer/pgfcorei
mage.code.tex
File: pgfcoreimage.code.tex 2019/08/03 v3.1.4b (3.1.4b)

(/home/muslem-rahimi/.miktex/texmfs/install/tex/generic/pgf/basiclayer/pgfcoree
xternal.code.tex
File: pgfcoreexternal.code.tex 2019/08/03 v3.1.4b (3.1.4b)
\pgfexternal@startupbox=\box39
))
(/home/muslem-rahimi/.miktex/texmfs/install/tex/generic/pgf/basiclayer/pgfcorel
ayers.code.tex
File: pgfcorelayers.code.tex 2019/08/03 v3.1.4b (3.1.4b)
)
(/home/muslem-rahimi/.miktex/texmfs/install/tex/generic/pgf/basiclayer/pgfcoret
ransparency.code.tex
File: pgfcoretransparency.code.tex 2019/08/03 v3.1.4b (3.1.4b)
)
(/home/muslem-rahimi/.miktex/texmfs/install/tex/generic/pgf/basiclayer/pgfcorep
atterns.code.tex
File: pgfcorepatterns.code.tex 2019/08/03 v3.1.4b (3.1.4b)
)
(/home/muslem-rahimi/.miktex/texmfs/install/tex/generic/pgf/basiclayer/pgfcorer
df.code.tex
File: pgfcorerdf.code.tex 2019/08/03 v3.1.4b (3.1.4b)
)))
(/home/muslem-rahimi/.miktex/texmfs/install/tex/generic/pgf/modules/pgfmodulesh
apes.code.tex
File: pgfmoduleshapes.code.tex 2019/08/03 v3.1.4b (3.1.4b)
\pgfnodeparttextbox=\box40
)
(/home/muslem-rahimi/.miktex/texmfs/install/tex/generic/pgf/modules/pgfmodulepl
ot.code.tex
File: pgfmoduleplot.code.tex 2019/08/03 v3.1.4b (3.1.4b)
)
(/home/muslem-rahimi/.miktex/texmfs/install/tex/latex/pgf/compatibility/pgfcomp
-version-0-65.sty
Package: pgfcomp-version-0-65 2019/08/03 v3.1.4b (3.1.4b)
\pgf@nodesepstart=\dimen165
\pgf@nodesepend=\dimen166
)
(/home/muslem-rahimi/.miktex/texmfs/install/tex/latex/pgf/compatibility/pgfcomp
-version-1-18.sty
Package: pgfcomp-version-1-18 2019/08/03 v3.1.4b (3.1.4b)
))
(/home/muslem-rahimi/.miktex/texmfs/install/tex/latex/pgf/utilities/pgffor.sty
(/home/muslem-rahimi/.miktex/texmfs/install/tex/latex/pgf/utilities/pgfkeys.sty

(/home/muslem-rahimi/.miktex/texmfs/install/tex/generic/pgf/utilities/pgfkeys.c
ode.tex))
(/home/muslem-rahimi/.miktex/texmfs/install/tex/latex/pgf/math/pgfmath.sty
(/home/muslem-rahimi/.miktex/texmfs/install/tex/generic/pgf/math/pgfmath.code.t
ex))
(/home/muslem-rahimi/.miktex/texmfs/install/tex/generic/pgf/utilities/pgffor.co
de.tex
Package: pgffor 2019/08/03 v3.1.4b (3.1.4b)

(/home/muslem-rahimi/.miktex/texmfs/install/tex/generic/pgf/math/pgfmath.code.t
ex)
\pgffor@iter=\dimen167
\pgffor@skip=\dimen168
\pgffor@stack=\toks36
\pgffor@toks=\toks37
))
(/home/muslem-rahimi/.miktex/texmfs/install/tex/generic/pgf/frontendlayer/tikz/
tikz.code.tex
Package: tikz 2019/08/03 v3.1.4b (3.1.4b)

(/home/muslem-rahimi/.miktex/texmfs/install/tex/generic/pgf/libraries/pgflibrar
yplothandlers.code.tex
File: pgflibraryplothandlers.code.tex 2019/08/03 v3.1.4b (3.1.4b)
\pgf@plot@mark@count=\count151
\pgfplotmarksize=\dimen169
)
\tikz@lastx=\dimen170
\tikz@lasty=\dimen171
\tikz@lastxsaved=\dimen172
\tikz@lastysaved=\dimen173
\tikz@lastmovetox=\dimen174
\tikz@lastmovetoy=\dimen175
\tikzleveldistance=\dimen176
\tikzsiblingdistance=\dimen177
\tikz@figbox=\box41
\tikz@figbox@bg=\box42
\tikz@tempbox=\box43
\tikz@tempbox@bg=\box44
\tikztreelevel=\count152
\tikznumberofchildren=\count153
\tikznumberofcurrentchild=\count154
\tikz@fig@count=\count155

(/home/muslem-rahimi/.miktex/texmfs/install/tex/generic/pgf/modules/pgfmodulema
trix.code.tex
File: pgfmodulematrix.code.tex 2019/08/03 v3.1.4b (3.1.4b)
\pgfmatrixcurrentrow=\count156
\pgfmatrixcurrentcolumn=\count157
\pgf@matrix@numberofcolumns=\count158
)
\tikz@expandcount=\count159

(/home/muslem-rahimi/.miktex/texmfs/install/tex/generic/pgf/frontendlayer/tikz/
libraries/tikzlibrarytopaths.code.tex
File: tikzlibrarytopaths.code.tex 2019/08/03 v3.1.4b (3.1.4b)
)))
(/home/muslem-rahimi/.miktex/texmfs/install/tex/latex/pdfpages/pdfpages.sty
Package: pdfpages 2020/01/28 v0.5q Insert pages of external PDF documents (AM)

(/home/muslem-rahimi/.miktex/texmfs/install/tex/latex/base/ifthen.sty
Package: ifthen 2014/09/29 v1.1c Standard LaTeX ifthen package (DPC)
)
(/home/muslem-rahimi/.miktex/texmfs/install/tex/latex/tools/calc.sty
Package: calc 2017/05/25 v4.3 Infix arithmetic (KKT,FJ)
\calc@Acount=\count160
\calc@Bcount=\count161
\calc@Adimen=\dimen178
\calc@Bdimen=\dimen179
\calc@Askip=\skip49
\calc@Bskip=\skip50
LaTeX Info: Redefining \setlength on input line 80.
LaTeX Info: Redefining \addtolength on input line 81.
\calc@Ccount=\count162
\calc@Cskip=\skip51
)
(/home/muslem-rahimi/.miktex/texmfs/install/tex/latex/eso-pic/eso-pic.sty
Package: eso-pic 2018/04/12 v2.0h eso-pic (RN)
)
\AM@pagewidth=\dimen180
\AM@pageheight=\dimen181

(/home/muslem-rahimi/.miktex/texmfs/install/tex/latex/pdfpages/pppdftex.def
File: pppdftex.def 2020/01/28 v0.5q Pdfpages driver for pdfTeX (AM)
)
\AM@pagebox=\box45
\AM@global@opts=\toks38
\AM@pagecnt=\count163
\AM@toc@title=\toks39
\c@AM@survey=\count164
\AM@templatesizebox=\box46
)
(/home/muslem-rahimi/.miktex/texmfs/install/tex/latex/datetime/datetime.sty
Package: datetime 2015/03/20 v2.60 Date Time Package

(/home/muslem-rahimi/.miktex/texmfs/install/tex/latex/etoolbox/etoolbox.sty
Package: etoolbox 2019/09/21 v2.5h e-TeX tools for LaTeX (JAW)
\etb@tempcnta=\count165
)
(/home/muslem-rahimi/.miktex/texmfs/install/tex/latex/fmtcount/fmtcount.sty
Package: fmtcount 2020/01/30 v3.07

(/home/muslem-rahimi/.miktex/texmfs/install/tex/latex/xkeyval/xkeyval.sty
Package: xkeyval 2014/12/03 v2.7a package option processing (HA)

(/home/muslem-rahimi/.miktex/texmfs/install/tex/generic/xkeyval/xkeyval.tex
(/home/muslem-rahimi/.miktex/texmfs/install/tex/generic/xkeyval/xkvutils.tex
\XKV@toks=\toks40
\XKV@tempa@toks=\toks41
)
\XKV@depth=\count166
File: xkeyval.tex 2014/12/03 v2.7a key=value parser (HA)
)) (/home/muslem-rahimi/.miktex/texmfs/install/tex/latex/fmtcount/fcprefix.sty
Package: fcprefix 2012/09/28

(/home/muslem-rahimi/.miktex/texmfs/install/tex/latex/fmtcount/fcnumparser.sty
Package: fcnumparser 2017/06/15
\fc@digit@counter=\count167
))
\c@padzeroesN=\count168
\fc@tmpcatcode=\count169
 (/home/muslem-rahimi/.miktex/texmfs/install/tex/latex/fmtcount/fc-english.def
File: fc-english.def 2016/01/12
)
\@DT@modctr=\count170
\@ordinalctr=\count171
\@orgargctr=\count172
\@strctr=\count173
\@tmpstrctr=\count174
\@DT@loopN=\count175
\@DT@X=\count176
)
(/home/muslem-rahimi/.miktex/texmfs/install/tex/latex/datetime/datetime-default
s.sty
Package: datetime-defaults 2013/09/10
)
\@day=\count177
\@month=\count178
\@year=\count179
\c@HOUR=\count180
\c@HOURXII=\count181
\c@MINUTE=\count182
\c@TOHOUR=\count183
\c@TOMINUTE=\count184
\c@SECOND=\count185
\currenthour=\count186
\currentminute=\count187
\currentsecond=\count188
Package datetime Info: No datetime.cfg file found, using default settings on in
put line 308.

(/home/muslem-rahimi/.miktex/texmfs/install/tex/latex/datetime/dt-ngerman.def
File: dt-ngerman.def 2013/09/10
)
\@dtctr=\count189
\dayofyear=\count190
\dayofweek=\count191
LaTeX Info: Redefining \today on input line 736.
\dt@a=\toks42
\dt@b=\toks43
) (/home/muslem-rahimi/.miktex/texmfs/install/tex/latex/tools/bm.sty
Package: bm 2019/07/24 v1.2d Bold Symbol Support (DPC/FMi)
\symboldoperators=\mathgroup6
\symboldletters=\mathgroup7
\symboldsymbols=\mathgroup8
LaTeX Font Info:    Redeclaring math alphabet \mathbf on input line 141.
LaTeX Info: Redefining \bm on input line 209.
)
(/home/muslem-rahimi/.miktex/texmfs/install/tex/latex/caption/subcaption.sty
Package: subcaption 2019/09/01 v1.3a Sub-captions (AR)

(/home/muslem-rahimi/.miktex/texmfs/install/tex/latex/caption/caption.sty
Package: caption 2019/09/01 v3.3d Customizing captions (AR)

(/home/muslem-rahimi/.miktex/texmfs/install/tex/latex/caption/caption3.sty
Package: caption3 2019/09/01 v1.8d caption3 kernel (AR)
Package caption3 Info: TeX engine: e-TeX on input line 64.
\captionmargin=\dimen182
\captionmargin@=\dimen183
\captionwidth=\dimen184
\caption@tempdima=\dimen185
\caption@indent=\dimen186
\caption@parindent=\dimen187
\caption@hangindent=\dimen188
)
\c@caption@flags=\count192
\c@ContinuedFloat=\count193
Package caption Info: float package is loaded.
Package caption Info: hyperref package is loaded.
Package caption Info: listings package is loaded.
)
\c@subfigure=\count194
\c@subtable=\count195
)
(/home/muslem-rahimi/.miktex/texmfs/install/tex/latex/changepage/changepage.sty
Package: changepage 2009/10/20 v1.0c check page and change page layout
\c@cp@cntr=\count196
\cp@tempcnt=\count197
) (/home/muslem-rahimi/.miktex/texmfs/install/tex/latex/braket/braket.sty)
(/home/muslem-rahimi/.miktex/texmfs/install/tex/latex/carlisle/slashed.sty
Package: slashed 1997/01/16 v0.01 Feynman Slashed Character Notation (DPC)
)

LaTeX Warning: Unused global option(s):
    [openright].

(GeneralAnsatz.aux)
\openout1 = `GeneralAnsatz.aux'.

LaTeX Font Info:    Checking defaults for OML/cmm/m/it on input line 26.
LaTeX Font Info:    ... okay on input line 26.
LaTeX Font Info:    Checking defaults for T1/cmr/m/n on input line 26.
LaTeX Font Info:    ... okay on input line 26.
LaTeX Font Info:    Checking defaults for OT1/cmr/m/n on input line 26.
LaTeX Font Info:    ... okay on input line 26.
LaTeX Font Info:    Checking defaults for OMS/cmsy/m/n on input line 26.
LaTeX Font Info:    ... okay on input line 26.
LaTeX Font Info:    Checking defaults for OMX/cmex/m/n on input line 26.
LaTeX Font Info:    ... okay on input line 26.
LaTeX Font Info:    Checking defaults for U/cmr/m/n on input line 26.
LaTeX Font Info:    ... okay on input line 26.
LaTeX Font Info:    Checking defaults for PD1/pdf/m/n on input line 26.
LaTeX Font Info:    ... okay on input line 26.

(/home/muslem-rahimi/.miktex/texmfs/install/tex/context/base/mkii/supp-pdf.mkii
[Loading MPS to PDF converter (version 2006.09.02).]
\scratchcounter=\count198
\scratchdimen=\dimen189
\scratchbox=\box47
\nofMPsegments=\count199
\nofMParguments=\count266
\everyMPshowfont=\toks44
\MPscratchCnt=\count267
\MPscratchDim=\dimen190
\MPnumerator=\count268
\makeMPintoPDFobject=\count269
\everyMPtoPDFconversion=\toks45
)
(/home/muslem-rahimi/.miktex/texmfs/install/tex/latex/oberdiek/epstopdf-base.st
y
Package: epstopdf-base 2016/05/15 v2.6 Base part for package epstopdf
 (/home/muslem-rahimi/.miktex/texmfs/install/tex/latex/oberdiek/grfext.sty
Package: grfext 2016/05/16 v1.2 Manage graphics extensions (HO)
)
Package epstopdf-base Info: Redefining graphics rule for `.eps' on input line 4
38.
Package grfext Info: Graphics extension search list:
(grfext)             [.pdf,.png,.jpg,.mps,.jpeg,.jbig2,.jb2,.PDF,.PNG,.JPG,.JPE
G,.JBIG2,.JB2,.eps]
(grfext)             \AppendGraphicsExtensions on input line 456.
)
\c@lstlisting=\count270
\AtBeginShipoutBox=\box48
Package hyperref Info: Link coloring OFF on input line 26.

(/home/muslem-rahimi/.miktex/texmfs/install/tex/latex/hyperref/nameref.sty
Package: nameref 2019/09/16 v2.46 Cross-referencing by name of section

(/home/muslem-rahimi/.miktex/texmfs/install/tex/latex/oberdiek/refcount.sty
Package: refcount 2016/05/16 v3.5 Data extraction from label references (HO)
)
(/home/muslem-rahimi/.miktex/texmfs/install/tex/generic/oberdiek/gettitlestring
.sty
Package: gettitlestring 2016/05/16 v1.5 Cleanup title references (HO)
)
\c@section@level=\count271
)
LaTeX Info: Redefining \ref on input line 26.
LaTeX Info: Redefining \pageref on input line 26.
LaTeX Info: Redefining \nameref on input line 26.
 (GeneralAnsatz.out) (GeneralAnsatz.out)
\@outlinefile=\write4
\openout4 = `GeneralAnsatz.out'.


ABD: EveryShipout initializing macros
(/home/muslem-rahimi/.miktex/texmfs/install/tex/latex/oberdiek/pdflscape.sty
Package: pdflscape 2016/05/14 v0.11 Display of landscape pages in PDF (HO)

(/home/muslem-rahimi/.miktex/texmfs/install/tex/latex/graphics/lscape.sty
Package: lscape 2000/10/22 v3.01 Landscape Pages (DPC)
)
Package pdflscape Info: Auto-detected driver: pdftex on input line 81.
)
Package caption Info: Begin \AtBeginDocument code.
Package caption Info: End \AtBeginDocument code.
LaTeX Font Info:    Trying to load font information for U+msa on input line 28.


(/home/muslem-rahimi/.miktex/texmfs/install/tex/latex/amsfonts/umsa.fd
File: umsa.fd 2013/01/14 v3.01 AMS symbols A
)
LaTeX Font Info:    Trying to load font information for U+msb on input line 28.


(/home/muslem-rahimi/.miktex/texmfs/install/tex/latex/amsfonts/umsb.fd
File: umsb.fd 2013/01/14 v3.01 AMS symbols B
)
Underfull \hbox (badness 10000) in paragraph at lines 27--31

 []


Underfull \hbox (badness 10000) in paragraph at lines 33--35

 []


Underfull \hbox (badness 10000) in paragraph at lines 44--46

 []


Overfull \hbox (30.36464pt too wide) detected at line 48
[]
 []


Underfull \hbox (badness 10000) in paragraph at lines 48--51

 []

[1

{/home/muslem-rahimi/.miktex/texmfs/data/pdftex/config/pdftex.map}]
Underfull \hbox (badness 10000) in paragraph at lines 57--59

 []

[2]
Underfull \hbox (badness 10000) in paragraph at lines 70--72

 []


Underfull \hbox (badness 10000) in paragraph at lines 77--81

 []


Overfull \hbox (58.4976pt too wide) detected at line 83
[]
 []


Underfull \hbox (badness 10000) in paragraph at lines 83--85

 []


Overfull \hbox (29.8603pt too wide) detected at line 87
[]
 []


Underfull \hbox (badness 10000) in paragraph at lines 87--89

 []


Overfull \hbox (25.57883pt too wide) detected at line 91
[]
 []

[3]
Underfull \hbox (badness 10000) in paragraph at lines 91--93

 []

[4]
Underfull \hbox (badness 10000) in paragraph at lines 112--113

 []

[5]
Package atveryend Info: Empty hook `BeforeClearDocument' on input line 114.
Package atveryend Info: Empty hook `AfterLastShipout' on input line 114.
 (GeneralAnsatz.aux)
Package atveryend Info: Executing hook `AtVeryEndDocument' on input line 114.
Package atveryend Info: Executing hook `AtEndAfterFileList' on input line 114.
Package rerunfilecheck Info: File `GeneralAnsatz.out' has not changed.
(rerunfilecheck)             Checksum: D41D8CD98F00B204E9800998ECF8427E;0.
Package atveryend Info: Empty hook `AtVeryVeryEnd' on input line 114.
 ) 
Here is how much of TeX's memory you used:
 22124 strings out of 494411
 398729 string characters out of 3173989
 508520 words of memory out of 3000000
 25712 multiletter control sequences out of 15000+200000
 11054 words of font info for 41 fonts, out of 3000000 for 9000
 0 hyphenation exceptions out of 8191
 62i,12n,100p,1013b,352s stack positions out of 5000i,500n,10000p,200000b,50000s
</home/muslem-rahimi/.miktex/texmfs/install/fonts/type1/public/amsfonts/cm/cm
ex10.pfb></home/muslem-rahimi/.miktex/texmfs/install/fonts/type1/public/amsfont
s/cm/cmmi12.pfb></home/muslem-rahimi/.miktex/texmfs/install/fonts/type1/public/
amsfonts/cm/cmmi6.pfb></home/muslem-rahimi/.miktex/texmfs/install/fonts/type1/p
ublic/amsfonts/cm/cmmi8.pfb></home/muslem-rahimi/.miktex/texmfs/install/fonts/t
ype1/public/amsfonts/cm/cmr12.pfb></home/muslem-rahimi/.miktex/texmfs/install/f
onts/type1/public/amsfonts/cm/cmr6.pfb></home/muslem-rahimi/.miktex/texmfs/inst
all/fonts/type1/public/amsfonts/cm/cmr8.pfb></home/muslem-rahimi/.miktex/texmfs
/install/fonts/type1/public/amsfonts/cm/cmsy10.pfb></home/muslem-rahimi/.miktex
/texmfs/install/fonts/type1/public/amsfonts/cm/cmsy8.pfb>
Output written on GeneralAnsatz.pdf (5 pages, 126924 bytes).
PDF statistics:
 108 PDF objects out of 1000 (max. 8388607)
 36 named destinations out of 1000 (max. 500000)
 13 words of extra memory for PDF output out of 10000 (max. 10000000)

